  test.cpp
c:\users\administrator\source\repos\intro_to_algorithms\intro_to_algorithms\bitonic_tour_test.h(28): warning C4267: “参数”: 从“size_t”转换到“const int”，可能丢失数据
c:\program files (x86)\microsoft visual studio\2017\community\vc\tools\msvc\14.15.26726\include\utility(172): warning C4244: “初始化”: 从“_Ty”转换到“_Ty1”，可能丢失数据
          with
          [
              _Ty=int
          ]
          and
          [
              _Ty1=float
          ]
  c:\users\administrator\source\repos\intro_to_algorithms\intro_to_algorithms\bitonic_tour_test.h(13): note: 参见对正在编译的函数 模板 实例化“std::pair<float,float>::pair<int,int,0>(_Other1 &&,_Other2 &&) noexcept”的引用
          with
          [
              _Other1=int,
              _Other2=int
          ]
  c:\users\administrator\source\repos\intro_to_algorithms\intro_to_algorithms\bitonic_tour_test.h(13): note: 参见对正在编译的函数 模板 实例化“std::pair<float,float>::pair<int,int,0>(_Other1 &&,_Other2 &&) noexcept”的引用
          with
          [
              _Other1=int,
              _Other2=int
          ]
c:\program files (x86)\microsoft visual studio\2017\community\vc\tools\msvc\14.15.26726\include\utility(173): warning C4244: “初始化”: 从“_Ty”转换到“_Ty2”，可能丢失数据
          with
          [
              _Ty=int
          ]
          and
          [
              _Ty2=float
          ]
c:\users\administrator\source\repos\intro_to_algorithms\intro_to_algorithms\bitonic_tour.h(28): warning C4305: “参数”: 从“int”到“const _Ty”截断
          with
          [
              _Ty=float
          ]
  c:\users\administrator\source\repos\intro_to_algorithms\intro_to_algorithms\bitonic_tour_test.h(15): note: 参见对正在编译的函数 模板 实例化“ValueType IntroductionToAlgorithms::DynamicProgramming::make_bitonic_tour<float>(const std::vector<coord,std::allocator<_Ty>>,std::vector<std::vector<int,std::allocator<int>>,std::allocator<std::vector<int,std::allocator<int>>>> &)”的引用
          with
          [
              ValueType=float,
              _Ty=coord
          ]
c:\users\administrator\source\repos\intro_to_algorithms\intro_to_algorithms\matroid_task_scheduling.h(39): warning C4267: “初始化”: 从“size_t”转换到“int”，可能丢失数据
  c:\users\administrator\source\repos\intro_to_algorithms\intro_to_algorithms\matroid_task_scheduling_test.h(12): note: 参见对正在编译的函数 模板 实例化“std::vector<int,std::allocator<_Ty>> IntroductionToAlgorithms::GreedyProgramming::get_task_scheduling<int,int>(const std::vector<T,std::allocator<IntroductionToAlgorithms::GreedyProgramming::Task<int,int>>>)”的引用
          with
          [
              _Ty=int
          ]
  正在生成代码
  16 of 2182 functions ( 0.7%) were compiled, the rest were copied from previous compilation.
    15 functions were new in current compilation
    1 functions had inline decision re-evaluated but remain unchanged
  已完成代码的生成
  intro_to_algorithms.vcxproj -> C:\Users\Administrator\source\repos\intro_to_algorithms\x64\Release\intro_to_algorithms.exe
